ERROR:root:Cleaning Recording CPWI18_2019-08-01_08-47-01_RLLRRL 420uA failed. Exporting Original Recording
ERROR:root:expected str, bytes or os.PathLike object, not NoneType
ERROR:root:Pipeline broke for CPWI18_2019-08-01_08-47-01_RLLRRL 420uA
ERROR:root:Cleaning Recording CPWI18_2019-08-01_08-47-01_RLLRRL 420uA failed. Exporting Original Recording
ERROR:root:expected str, bytes or os.PathLike object, not NoneType
ERROR:root:Pipeline broke for CPWI18_2019-08-01_08-47-01_RLLRRL 420uA
ERROR:root:Sorting Failed /Volumes/Lab/Ephys/EphysOutputs/OutputCPWI18_2019-08-01_08-47-01_RLLRRL 420uA/MS5/T2 or Already Exists
ERROR:root:Cleaning Recording CPWI18_2019-07-19_13-21-54_RLLRRL 400mA failed. Exporting Original Recording
ERROR:root:expected str, bytes or os.PathLike object, not NoneType
ERROR:root:Pipeline broke for CPWI18_2019-07-19_13-21-54_RLLRRL 400mA
ERROR:root:Cleaning Recording CPWI18_2019-07-19_13-21-54_RLLRRL 400mA failed. Exporting Original Recording
ERROR:root:expected str, bytes or os.PathLike object, not NoneType
ERROR:root:Pipeline broke for CPWI18_2019-07-19_13-21-54_RLLRRL 400mA
ERROR:root:Cleaning Recording CPWI18_2019-07-19_13-21-54_RLLRRL 400mA failed. Exporting Original Recording
ERROR:root:expected str, bytes or os.PathLike object, not NoneType
ERROR:root:Pipeline broke for CPWI18_2019-07-19_13-21-54_RLLRRL 400mA
ERROR:root:Cleaning Recording CPWI18_2019-07-19_13-21-54_RLLRRL 400mA failed. Exporting Original Recording
ERROR:root:expected str, bytes or os.PathLike object, not NoneType
ERROR:root:Pipeline broke for CPWI18_2019-07-19_13-21-54_RLLRRL 400mA
ERROR:root:Sorting Failed /Volumes/Lab/Ephys/EphysOutputs/OutputCPWI18_2019-07-19_13-21-54_RLLRRL 400mA/MS5/T2/MS5/T2 or Already Exists
